2025-06-23 19:39:07,934 - INFO - [CALL] process_volume called with args=(array([[[0.5, 0.5, 0.5, ..., 0.5, 0.5, 0.5],
        [0.5, 0.5, 0.5, ..., 0.5, 0.5, 0.5],
        [0.5, 0.5, 0.5, ..., 0.5, 0.5, 0.5],
        ...,
        [0.5, 0.5, 0.5, ..., 0.5, 0.5, 0.5],
        [0.5, 0.5, 0.5, ..., 0.5, 0.5, 0.5],
        [0.5, 0.5, 0.5, ..., 0.5, 0.5, 0.5]],

       [[0.5, 0.5, 0.5, ..., 0.5, 0.5, 0.5],
        [0.5, 0.5, 0.5, ..., 0.5, 0.5, 0.5],
        [0.5, 0.5, 0.5, ..., 0.5, 0.5, 0.5],
        ...,
        [0.5, 0.5, 0.5, ..., 0.5, 0.5, 0.5],
        [0.5, 0.5, 0.5, ..., 0.5, 0.5, 0.5],
        [0.5, 0.5, 0.5, ..., 0.5, 0.5, 0.5]],

       [[0.5, 0.5, 0.5, ..., 0.5, 0.5, 0.5],
        [0.5, 0.5, 0.5, ..., 0.5, 0.5, 0.5],
        [0.5, 0.5, 0.5, ..., 0.5, 0.5, 0.5],
        ...,
        [0.5, 0.5, 0.5, ..., 0.5, 0.5, 0.5],
        [0.5, 0.5, 0.5, ..., 0.5, 0.5, 0.5],
        [0.5, 0.5, 0.5, ..., 0.5, 0.5, 0.5]],

       ...,

       [[0.5, 0.5, 0.5, ..., 0.5, 0.5, 0.5],
        [0.5, 0.5, 0.5, ..., 0.5, 0.5, 0.5],
        [0.5, 0.5, 0.5, ..., 0.5, 0.5, 0.5],
        ...,
        [0.5, 0.5, 0.5, ..., 0.5, 0.5, 0.5],
        [0.5, 0.5, 0.5, ..., 0.5, 0.5, 0.5],
        [0.5, 0.5, 0.5, ..., 0.5, 0.5, 0.5]],

       [[0.5, 0.5, 0.5, ..., 0.5, 0.5, 0.5],
        [0.5, 0.5, 0.5, ..., 0.5, 0.5, 0.5],
        [0.5, 0.5, 0.5, ..., 0.5, 0.5, 0.5],
        ...,
        [0.5, 0.5, 0.5, ..., 0.5, 0.5, 0.5],
        [0.5, 0.5, 0.5, ..., 0.5, 0.5, 0.5],
        [0.5, 0.5, 0.5, ..., 0.5, 0.5, 0.5]],

       [[0.5, 0.5, 0.5, ..., 0.5, 0.5, 0.5],
        [0.5, 0.5, 0.5, ..., 0.5, 0.5, 0.5],
        [0.5, 0.5, 0.5, ..., 0.5, 0.5, 0.5],
        ...,
        [0.5, 0.5, 0.5, ..., 0.5, 0.5, 0.5],
        [0.5, 0.5, 0.5, ..., 0.5, 0.5, 0.5],
        [0.5, 0.5, 0.5, ..., 0.5, 0.5, 0.5]]], dtype=float32), (15, 15, 15), array([1, 3, 5, 7, 9])), kwargs={}
2025-06-23 19:39:09,521 - INFO - [CALL] apply_enhancement called with args=(array([[[0.5, 0.5, 0.5, ..., 0.5, 0.5, 0.5],
        [0.5, 0.5, 0.5, ..., 0.5, 0.5, 0.5],
        [0.5, 0.5, 0.5, ..., 0.5, 0.5, 0.5],
        ...,
        [0.5, 0.5, 0.5, ..., 0.5, 0.5, 0.5],
        [0.5, 0.5, 0.5, ..., 0.5, 0.5, 0.5],
        [0.5, 0.5, 0.5, ..., 0.5, 0.5, 0.5]],

       [[0.5, 0.5, 0.5, ..., 0.5, 0.5, 0.5],
        [0.5, 0.5, 0.5, ..., 0.5, 0.5, 0.5],
        [0.5, 0.5, 0.5, ..., 0.5, 0.5, 0.5],
        ...,
        [0.5, 0.5, 0.5, ..., 0.5, 0.5, 0.5],
        [0.5, 0.5, 0.5, ..., 0.5, 0.5, 0.5],
        [0.5, 0.5, 0.5, ..., 0.5, 0.5, 0.5]],

       [[0.5, 0.5, 0.5, ..., 0.5, 0.5, 0.5],
        [0.5, 0.5, 0.5, ..., 0.5, 0.5, 0.5],
        [0.5, 0.5, 0.5, ..., 0.5, 0.5, 0.5],
        ...,
        [0.5, 0.5, 0.5, ..., 0.5, 0.5, 0.5],
        [0.5, 0.5, 0.5, ..., 0.5, 0.5, 0.5],
        [0.5, 0.5, 0.5, ..., 0.5, 0.5, 0.5]],

       ...,

       [[0.5, 0.5, 0.5, ..., 0.5, 0.5, 0.5],
        [0.5, 0.5, 0.5, ..., 0.5, 0.5, 0.5],
        [0.5, 0.5, 0.5, ..., 0.5, 0.5, 0.5],
        ...,
        [0.5, 0.5, 0.5, ..., 0.5, 0.5, 0.5],
        [0.5, 0.5, 0.5, ..., 0.5, 0.5, 0.5],
        [0.5, 0.5, 0.5, ..., 0.5, 0.5, 0.5]],

       [[0.5, 0.5, 0.5, ..., 0.5, 0.5, 0.5],
        [0.5, 0.5, 0.5, ..., 0.5, 0.5, 0.5],
        [0.5, 0.5, 0.5, ..., 0.5, 0.5, 0.5],
        ...,
        [0.5, 0.5, 0.5, ..., 0.5, 0.5, 0.5],
        [0.5, 0.5, 0.5, ..., 0.5, 0.5, 0.5],
        [0.5, 0.5, 0.5, ..., 0.5, 0.5, 0.5]],

       [[0.5, 0.5, 0.5, ..., 0.5, 0.5, 0.5],
        [0.5, 0.5, 0.5, ..., 0.5, 0.5, 0.5],
        [0.5, 0.5, 0.5, ..., 0.5, 0.5, 0.5],
        ...,
        [0.5, 0.5, 0.5, ..., 0.5, 0.5, 0.5],
        [0.5, 0.5, 0.5, ..., 0.5, 0.5, 0.5],
        [0.5, 0.5, 0.5, ..., 0.5, 0.5, 0.5]]], dtype=float32), array([1, 3, 5, 7, 9]), 'frangi'), kwargs={}
2025-06-23 19:39:09,544 - INFO - [CALL] apply_enhancement called with args=(array([[[0.5, 0.5, 0.5, ..., 0.5, 0.5, 0.5],
        [0.5, 0.5, 0.5, ..., 0.5, 0.5, 0.5],
        [0.5, 0.5, 0.5, ..., 0.5, 0.5, 0.5],
        ...,
        [0.5, 0.5, 0.5, ..., 0.5, 0.5, 0.5],
        [0.5, 0.5, 0.5, ..., 0.5, 0.5, 0.5],
        [0.5, 0.5, 0.5, ..., 0.5, 0.5, 0.5]],

       [[0.5, 0.5, 0.5, ..., 0.5, 0.5, 0.5],
        [0.5, 0.5, 0.5, ..., 0.5, 0.5, 0.5],
        [0.5, 0.5, 0.5, ..., 0.5, 0.5, 0.5],
        ...,
        [0.5, 0.5, 0.5, ..., 0.5, 0.5, 0.5],
        [0.5, 0.5, 0.5, ..., 0.5, 0.5, 0.5],
        [0.5, 0.5, 0.5, ..., 0.5, 0.5, 0.5]],

       [[0.5, 0.5, 0.5, ..., 0.5, 0.5, 0.5],
        [0.5, 0.5, 0.5, ..., 0.5, 0.5, 0.5],
        [0.5, 0.5, 0.5, ..., 0.5, 0.5, 0.5],
        ...,
        [0.5, 0.5, 0.5, ..., 0.5, 0.5, 0.5],
        [0.5, 0.5, 0.5, ..., 0.5, 0.5, 0.5],
        [0.5, 0.5, 0.5, ..., 0.5, 0.5, 0.5]],

       ...,

       [[0.5, 0.5, 0.5, ..., 0.5, 0.5, 0.5],
        [0.5, 0.5, 0.5, ..., 0.5, 0.5, 0.5],
        [0.5, 0.5, 0.5, ..., 0.5, 0.5, 0.5],
        ...,
        [0.5, 0.5, 0.5, ..., 0.5, 0.5, 0.5],
        [0.5, 0.5, 0.5, ..., 0.5, 0.5, 0.5],
        [0.5, 0.5, 0.5, ..., 0.5, 0.5, 0.5]],

       [[0.5, 0.5, 0.5, ..., 0.5, 0.5, 0.5],
        [0.5, 0.5, 0.5, ..., 0.5, 0.5, 0.5],
        [0.5, 0.5, 0.5, ..., 0.5, 0.5, 0.5],
        ...,
        [0.5, 0.5, 0.5, ..., 0.5, 0.5, 0.5],
        [0.5, 0.5, 0.5, ..., 0.5, 0.5, 0.5],
        [0.5, 0.5, 0.5, ..., 0.5, 0.5, 0.5]],

       [[0.5, 0.5, 0.5, ..., 0.5, 0.5, 0.5],
        [0.5, 0.5, 0.5, ..., 0.5, 0.5, 0.5],
        [0.5, 0.5, 0.5, ..., 0.5, 0.5, 0.5],
        ...,
        [0.5, 0.5, 0.5, ..., 0.5, 0.5, 0.5],
        [0.5, 0.5, 0.5, ..., 0.5, 0.5, 0.5],
        [0.5, 0.5, 0.5, ..., 0.5, 0.5, 0.5]]], dtype=float32), array([1, 3, 5, 7, 9]), 'frangi'), kwargs={}
2025-06-23 19:39:09,562 - INFO - [CALL] apply_enhancement called with args=(array([[[0.5, 0.5, 0.5, ..., 0.5, 0.5, 0.5],
        [0.5, 0.5, 0.5, ..., 0.5, 0.5, 0.5],
        [0.5, 0.5, 0.5, ..., 0.5, 0.5, 0.5],
        ...,
        [0.5, 0.5, 0.5, ..., 0.5, 0.5, 0.5],
        [0.5, 0.5, 0.5, ..., 0.5, 0.5, 0.5],
        [0.5, 0.5, 0.5, ..., 0.5, 0.5, 0.5]],

       [[0.5, 0.5, 0.5, ..., 0.5, 0.5, 0.5],
        [0.5, 0.5, 0.5, ..., 0.5, 0.5, 0.5],
        [0.5, 0.5, 0.5, ..., 0.5, 0.5, 0.5],
        ...,
        [0.5, 0.5, 0.5, ..., 0.5, 0.5, 0.5],
        [0.5, 0.5, 0.5, ..., 0.5, 0.5, 0.5],
        [0.5, 0.5, 0.5, ..., 0.5, 0.5, 0.5]],

       [[0.5, 0.5, 0.5, ..., 0.5, 0.5, 0.5],
        [0.5, 0.5, 0.5, ..., 0.5, 0.5, 0.5],
        [0.5, 0.5, 0.5, ..., 0.5, 0.5, 0.5],
        ...,
        [0.5, 0.5, 0.5, ..., 0.5, 0.5, 0.5],
        [0.5, 0.5, 0.5, ..., 0.5, 0.5, 0.5],
        [0.5, 0.5, 0.5, ..., 0.5, 0.5, 0.5]],

       ...,

       [[0.5, 0.5, 0.5, ..., 0.5, 0.5, 0.5],
        [0.5, 0.5, 0.5, ..., 0.5, 0.5, 0.5],
        [0.5, 0.5, 0.5, ..., 0.5, 0.5, 0.5],
        ...,
        [0.5, 0.5, 0.5, ..., 0.5, 0.5, 0.5],
        [0.5, 0.5, 0.5, ..., 0.5, 0.5, 0.5],
        [0.5, 0.5, 0.5, ..., 0.5, 0.5, 0.5]],

       [[0.5, 0.5, 0.5, ..., 0.5, 0.5, 0.5],
        [0.5, 0.5, 0.5, ..., 0.5, 0.5, 0.5],
        [0.5, 0.5, 0.5, ..., 0.5, 0.5, 0.5],
        ...,
        [0.5, 0.5, 0.5, ..., 0.5, 0.5, 0.5],
        [0.5, 0.5, 0.5, ..., 0.5, 0.5, 0.5],
        [0.5, 0.5, 0.5, ..., 0.5, 0.5, 0.5]],

       [[0.5, 0.5, 0.5, ..., 0.5, 0.5, 0.5],
        [0.5, 0.5, 0.5, ..., 0.5, 0.5, 0.5],
        [0.5, 0.5, 0.5, ..., 0.5, 0.5, 0.5],
        ...,
        [0.5, 0.5, 0.5, ..., 0.5, 0.5, 0.5],
        [0.5, 0.5, 0.5, ..., 0.5, 0.5, 0.5],
        [0.5, 0.5, 0.5, ..., 0.5, 0.5, 0.5]]], dtype=float32), array([1, 3, 5, 7, 9]), 'frangi'), kwargs={}
2025-06-23 19:39:09,592 - INFO - [CALL] apply_enhancement called with args=(array([[[0.5, 0.5, 0.5, ..., 0.5, 0.5, 0.5],
        [0.5, 0.5, 0.5, ..., 0.5, 0.5, 0.5],
        [0.5, 0.5, 0.5, ..., 0.5, 0.5, 0.5],
        ...,
        [0.5, 0.5, 0.5, ..., 0.5, 0.5, 0.5],
        [0.5, 0.5, 0.5, ..., 0.5, 0.5, 0.5],
        [0.5, 0.5, 0.5, ..., 0.5, 0.5, 0.5]],

       [[0.5, 0.5, 0.5, ..., 0.5, 0.5, 0.5],
        [0.5, 0.5, 0.5, ..., 0.5, 0.5, 0.5],
        [0.5, 0.5, 0.5, ..., 0.5, 0.5, 0.5],
        ...,
        [0.5, 0.5, 0.5, ..., 0.5, 0.5, 0.5],
        [0.5, 0.5, 0.5, ..., 0.5, 0.5, 0.5],
        [0.5, 0.5, 0.5, ..., 0.5, 0.5, 0.5]],

       [[0.5, 0.5, 0.5, ..., 0.5, 0.5, 0.5],
        [0.5, 0.5, 0.5, ..., 0.5, 0.5, 0.5],
        [0.5, 0.5, 0.5, ..., 0.5, 0.5, 0.5],
        ...,
        [0.5, 0.5, 0.5, ..., 0.5, 0.5, 0.5],
        [0.5, 0.5, 0.5, ..., 0.5, 0.5, 0.5],
        [0.5, 0.5, 0.5, ..., 0.5, 0.5, 0.5]],

       ...,

       [[0.5, 0.5, 0.5, ..., 0.5, 0.5, 0.5],
        [0.5, 0.5, 0.5, ..., 0.5, 0.5, 0.5],
        [0.5, 0.5, 0.5, ..., 0.5, 0.5, 0.5],
        ...,
        [0.5, 0.5, 0.5, ..., 0.5, 0.5, 0.5],
        [0.5, 0.5, 0.5, ..., 0.5, 0.5, 0.5],
        [0.5, 0.5, 0.5, ..., 0.5, 0.5, 0.5]],

       [[0.5, 0.5, 0.5, ..., 0.5, 0.5, 0.5],
        [0.5, 0.5, 0.5, ..., 0.5, 0.5, 0.5],
        [0.5, 0.5, 0.5, ..., 0.5, 0.5, 0.5],
        ...,
        [0.5, 0.5, 0.5, ..., 0.5, 0.5, 0.5],
        [0.5, 0.5, 0.5, ..., 0.5, 0.5, 0.5],
        [0.5, 0.5, 0.5, ..., 0.5, 0.5, 0.5]],

       [[0.5, 0.5, 0.5, ..., 0.5, 0.5, 0.5],
        [0.5, 0.5, 0.5, ..., 0.5, 0.5, 0.5],
        [0.5, 0.5, 0.5, ..., 0.5, 0.5, 0.5],
        ...,
        [0.5, 0.5, 0.5, ..., 0.5, 0.5, 0.5],
        [0.5, 0.5, 0.5, ..., 0.5, 0.5, 0.5],
        [0.5, 0.5, 0.5, ..., 0.5, 0.5, 0.5]]], dtype=float32), array([1, 3, 5, 7, 9]), 'frangi'), kwargs={}
2025-06-23 19:39:09,594 - INFO - [CALL] apply_enhancement called with args=(array([[[0.5, 0.5, 0.5, ..., 0.5, 0.5, 0.5],
        [0.5, 0.5, 0.5, ..., 0.5, 0.5, 0.5],
        [0.5, 0.5, 0.5, ..., 0.5, 0.5, 0.5],
        ...,
        [0.5, 0.5, 0.5, ..., 0.5, 0.5, 0.5],
        [0.5, 0.5, 0.5, ..., 0.5, 0.5, 0.5],
        [0.5, 0.5, 0.5, ..., 0.5, 0.5, 0.5]],

       [[0.5, 0.5, 0.5, ..., 0.5, 0.5, 0.5],
        [0.5, 0.5, 0.5, ..., 0.5, 0.5, 0.5],
        [0.5, 0.5, 0.5, ..., 0.5, 0.5, 0.5],
        ...,
        [0.5, 0.5, 0.5, ..., 0.5, 0.5, 0.5],
        [0.5, 0.5, 0.5, ..., 0.5, 0.5, 0.5],
        [0.5, 0.5, 0.5, ..., 0.5, 0.5, 0.5]],

       [[0.5, 0.5, 0.5, ..., 0.5, 0.5, 0.5],
        [0.5, 0.5, 0.5, ..., 0.5, 0.5, 0.5],
        [0.5, 0.5, 0.5, ..., 0.5, 0.5, 0.5],
        ...,
        [0.5, 0.5, 0.5, ..., 0.5, 0.5, 0.5],
        [0.5, 0.5, 0.5, ..., 0.5, 0.5, 0.5],
        [0.5, 0.5, 0.5, ..., 0.5, 0.5, 0.5]],

       ...,

       [[0.5, 0.5, 0.5, ..., 0.5, 0.5, 0.5],
        [0.5, 0.5, 0.5, ..., 0.5, 0.5, 0.5],
        [0.5, 0.5, 0.5, ..., 0.5, 0.5, 0.5],
        ...,
        [0.5, 0.5, 0.5, ..., 0.5, 0.5, 0.5],
        [0.5, 0.5, 0.5, ..., 0.5, 0.5, 0.5],
        [0.5, 0.5, 0.5, ..., 0.5, 0.5, 0.5]],

       [[0.5, 0.5, 0.5, ..., 0.5, 0.5, 0.5],
        [0.5, 0.5, 0.5, ..., 0.5, 0.5, 0.5],
        [0.5, 0.5, 0.5, ..., 0.5, 0.5, 0.5],
        ...,
        [0.5, 0.5, 0.5, ..., 0.5, 0.5, 0.5],
        [0.5, 0.5, 0.5, ..., 0.5, 0.5, 0.5],
        [0.5, 0.5, 0.5, ..., 0.5, 0.5, 0.5]],

       [[0.5, 0.5, 0.5, ..., 0.5, 0.5, 0.5],
        [0.5, 0.5, 0.5, ..., 0.5, 0.5, 0.5],
        [0.5, 0.5, 0.5, ..., 0.5, 0.5, 0.5],
        ...,
        [0.5, 0.5, 0.5, ..., 0.5, 0.5, 0.5],
        [0.5, 0.5, 0.5, ..., 0.5, 0.5, 0.5],
        [0.5, 0.5, 0.5, ..., 0.5, 0.5, 0.5]]], dtype=float32), array([1, 3, 5, 7, 9]), 'frangi'), kwargs={}
2025-06-23 19:39:09,598 - INFO - [CALL] apply_enhancement called with args=(array([[[0.5, 0.5, 0.5, ..., 0.5, 0.5, 0.5],
        [0.5, 0.5, 0.5, ..., 0.5, 0.5, 0.5],
        [0.5, 0.5, 0.5, ..., 0.5, 0.5, 0.5],
        ...,
        [0.5, 0.5, 0.5, ..., 0.5, 0.5, 0.5],
        [0.5, 0.5, 0.5, ..., 0.5, 0.5, 0.5],
        [0.5, 0.5, 0.5, ..., 0.5, 0.5, 0.5]],

       [[0.5, 0.5, 0.5, ..., 0.5, 0.5, 0.5],
        [0.5, 0.5, 0.5, ..., 0.5, 0.5, 0.5],
        [0.5, 0.5, 0.5, ..., 0.5, 0.5, 0.5],
        ...,
        [0.5, 0.5, 0.5, ..., 0.5, 0.5, 0.5],
        [0.5, 0.5, 0.5, ..., 0.5, 0.5, 0.5],
        [0.5, 0.5, 0.5, ..., 0.5, 0.5, 0.5]],

       [[0.5, 0.5, 0.5, ..., 0.5, 0.5, 0.5],
        [0.5, 0.5, 0.5, ..., 0.5, 0.5, 0.5],
        [0.5, 0.5, 0.5, ..., 0.5, 0.5, 0.5],
        ...,
        [0.5, 0.5, 0.5, ..., 0.5, 0.5, 0.5],
        [0.5, 0.5, 0.5, ..., 0.5, 0.5, 0.5],
        [0.5, 0.5, 0.5, ..., 0.5, 0.5, 0.5]],

       ...,

       [[0.5, 0.5, 0.5, ..., 0.5, 0.5, 0.5],
        [0.5, 0.5, 0.5, ..., 0.5, 0.5, 0.5],
        [0.5, 0.5, 0.5, ..., 0.5, 0.5, 0.5],
        ...,
        [0.5, 0.5, 0.5, ..., 0.5, 0.5, 0.5],
        [0.5, 0.5, 0.5, ..., 0.5, 0.5, 0.5],
        [0.5, 0.5, 0.5, ..., 0.5, 0.5, 0.5]],

       [[0.5, 0.5, 0.5, ..., 0.5, 0.5, 0.5],
        [0.5, 0.5, 0.5, ..., 0.5, 0.5, 0.5],
        [0.5, 0.5, 0.5, ..., 0.5, 0.5, 0.5],
        ...,
        [0.5, 0.5, 0.5, ..., 0.5, 0.5, 0.5],
        [0.5, 0.5, 0.5, ..., 0.5, 0.5, 0.5],
        [0.5, 0.5, 0.5, ..., 0.5, 0.5, 0.5]],

       [[0.5, 0.5, 0.5, ..., 0.5, 0.5, 0.5],
        [0.5, 0.5, 0.5, ..., 0.5, 0.5, 0.5],
        [0.5, 0.5, 0.5, ..., 0.5, 0.5, 0.5],
        ...,
        [0.5, 0.5, 0.5, ..., 0.5, 0.5, 0.5],
        [0.5, 0.5, 0.5, ..., 0.5, 0.5, 0.5],
        [0.5, 0.5, 0.5, ..., 0.5, 0.5, 0.5]]], dtype=float32), array([1, 3, 5, 7, 9]), 'frangi'), kwargs={}
2025-06-23 19:39:09,598 - INFO - [CALL] apply_enhancement called with args=(array([[[0.5, 0.5, 0.5, ..., 0.5, 0.5, 0.5],
        [0.5, 0.5, 0.5, ..., 0.5, 0.5, 0.5],
        [0.5, 0.5, 0.5, ..., 0.5, 0.5, 0.5],
        ...,
        [0.5, 0.5, 0.5, ..., 0.5, 0.5, 0.5],
        [0.5, 0.5, 0.5, ..., 0.5, 0.5, 0.5],
        [0.5, 0.5, 0.5, ..., 0.5, 0.5, 0.5]],

       [[0.5, 0.5, 0.5, ..., 0.5, 0.5, 0.5],
        [0.5, 0.5, 0.5, ..., 0.5, 0.5, 0.5],
        [0.5, 0.5, 0.5, ..., 0.5, 0.5, 0.5],
        ...,
        [0.5, 0.5, 0.5, ..., 0.5, 0.5, 0.5],
        [0.5, 0.5, 0.5, ..., 0.5, 0.5, 0.5],
        [0.5, 0.5, 0.5, ..., 0.5, 0.5, 0.5]],

       [[0.5, 0.5, 0.5, ..., 0.5, 0.5, 0.5],
        [0.5, 0.5, 0.5, ..., 0.5, 0.5, 0.5],
        [0.5, 0.5, 0.5, ..., 0.5, 0.5, 0.5],
        ...,
        [0.5, 0.5, 0.5, ..., 0.5, 0.5, 0.5],
        [0.5, 0.5, 0.5, ..., 0.5, 0.5, 0.5],
        [0.5, 0.5, 0.5, ..., 0.5, 0.5, 0.5]],

       ...,

       [[0.5, 0.5, 0.5, ..., 0.5, 0.5, 0.5],
        [0.5, 0.5, 0.5, ..., 0.5, 0.5, 0.5],
        [0.5, 0.5, 0.5, ..., 0.5, 0.5, 0.5],
        ...,
        [0.5, 0.5, 0.5, ..., 0.5, 0.5, 0.5],
        [0.5, 0.5, 0.5, ..., 0.5, 0.5, 0.5],
        [0.5, 0.5, 0.5, ..., 0.5, 0.5, 0.5]],

       [[0.5, 0.5, 0.5, ..., 0.5, 0.5, 0.5],
        [0.5, 0.5, 0.5, ..., 0.5, 0.5, 0.5],
        [0.5, 0.5, 0.5, ..., 0.5, 0.5, 0.5],
        ...,
        [0.5, 0.5, 0.5, ..., 0.5, 0.5, 0.5],
        [0.5, 0.5, 0.5, ..., 0.5, 0.5, 0.5],
        [0.5, 0.5, 0.5, ..., 0.5, 0.5, 0.5]],

       [[0.5, 0.5, 0.5, ..., 0.5, 0.5, 0.5],
        [0.5, 0.5, 0.5, ..., 0.5, 0.5, 0.5],
        [0.5, 0.5, 0.5, ..., 0.5, 0.5, 0.5],
        ...,
        [0.5, 0.5, 0.5, ..., 0.5, 0.5, 0.5],
        [0.5, 0.5, 0.5, ..., 0.5, 0.5, 0.5],
        [0.5, 0.5, 0.5, ..., 0.5, 0.5, 0.5]]], dtype=float32), array([1, 3, 5, 7, 9]), 'frangi'), kwargs={}
2025-06-23 19:39:09,604 - INFO - [CALL] apply_enhancement called with args=(array([[[0.5, 0.5, 0.5, ..., 0.5, 0.5, 0.5],
        [0.5, 0.5, 0.5, ..., 0.5, 0.5, 0.5],
        [0.5, 0.5, 0.5, ..., 0.5, 0.5, 0.5],
        ...,
        [0.5, 0.5, 0.5, ..., 0.5, 0.5, 0.5],
        [0.5, 0.5, 0.5, ..., 0.5, 0.5, 0.5],
        [0.5, 0.5, 0.5, ..., 0.5, 0.5, 0.5]],

       [[0.5, 0.5, 0.5, ..., 0.5, 0.5, 0.5],
        [0.5, 0.5, 0.5, ..., 0.5, 0.5, 0.5],
        [0.5, 0.5, 0.5, ..., 0.5, 0.5, 0.5],
        ...,
        [0.5, 0.5, 0.5, ..., 0.5, 0.5, 0.5],
        [0.5, 0.5, 0.5, ..., 0.5, 0.5, 0.5],
        [0.5, 0.5, 0.5, ..., 0.5, 0.5, 0.5]],

       [[0.5, 0.5, 0.5, ..., 0.5, 0.5, 0.5],
        [0.5, 0.5, 0.5, ..., 0.5, 0.5, 0.5],
        [0.5, 0.5, 0.5, ..., 0.5, 0.5, 0.5],
        ...,
        [0.5, 0.5, 0.5, ..., 0.5, 0.5, 0.5],
        [0.5, 0.5, 0.5, ..., 0.5, 0.5, 0.5],
        [0.5, 0.5, 0.5, ..., 0.5, 0.5, 0.5]],

       ...,

       [[0.5, 0.5, 0.5, ..., 0.5, 0.5, 0.5],
        [0.5, 0.5, 0.5, ..., 0.5, 0.5, 0.5],
        [0.5, 0.5, 0.5, ..., 0.5, 0.5, 0.5],
        ...,
        [0.5, 0.5, 0.5, ..., 0.5, 0.5, 0.5],
        [0.5, 0.5, 0.5, ..., 0.5, 0.5, 0.5],
        [0.5, 0.5, 0.5, ..., 0.5, 0.5, 0.5]],

       [[0.5, 0.5, 0.5, ..., 0.5, 0.5, 0.5],
        [0.5, 0.5, 0.5, ..., 0.5, 0.5, 0.5],
        [0.5, 0.5, 0.5, ..., 0.5, 0.5, 0.5],
        ...,
        [0.5, 0.5, 0.5, ..., 0.5, 0.5, 0.5],
        [0.5, 0.5, 0.5, ..., 0.5, 0.5, 0.5],
        [0.5, 0.5, 0.5, ..., 0.5, 0.5, 0.5]],

       [[0.5, 0.5, 0.5, ..., 0.5, 0.5, 0.5],
        [0.5, 0.5, 0.5, ..., 0.5, 0.5, 0.5],
        [0.5, 0.5, 0.5, ..., 0.5, 0.5, 0.5],
        ...,
        [0.5, 0.5, 0.5, ..., 0.5, 0.5, 0.5],
        [0.5, 0.5, 0.5, ..., 0.5, 0.5, 0.5],
        [0.5, 0.5, 0.5, ..., 0.5, 0.5, 0.5]]], dtype=float32), array([1, 3, 5, 7, 9]), 'frangi'), kwargs={}
2025-06-23 19:39:09,606 - INFO - [CALL] apply_enhancement called with args=(array([[[0.5, 0.5, 0.5, ..., 0.5, 0.5, 0.5],
        [0.5, 0.5, 0.5, ..., 0.5, 0.5, 0.5],
        [0.5, 0.5, 0.5, ..., 0.5, 0.5, 0.5],
        ...,
        [0.5, 0.5, 0.5, ..., 0.5, 0.5, 0.5],
        [0.5, 0.5, 0.5, ..., 0.5, 0.5, 0.5],
        [0.5, 0.5, 0.5, ..., 0.5, 0.5, 0.5]],

       [[0.5, 0.5, 0.5, ..., 0.5, 0.5, 0.5],
        [0.5, 0.5, 0.5, ..., 0.5, 0.5, 0.5],
        [0.5, 0.5, 0.5, ..., 0.5, 0.5, 0.5],
        ...,
        [0.5, 0.5, 0.5, ..., 0.5, 0.5, 0.5],
        [0.5, 0.5, 0.5, ..., 0.5, 0.5, 0.5],
        [0.5, 0.5, 0.5, ..., 0.5, 0.5, 0.5]],

       [[0.5, 0.5, 0.5, ..., 0.5, 0.5, 0.5],
        [0.5, 0.5, 0.5, ..., 0.5, 0.5, 0.5],
        [0.5, 0.5, 0.5, ..., 0.5, 0.5, 0.5],
        ...,
        [0.5, 0.5, 0.5, ..., 0.5, 0.5, 0.5],
        [0.5, 0.5, 0.5, ..., 0.5, 0.5, 0.5],
        [0.5, 0.5, 0.5, ..., 0.5, 0.5, 0.5]],

       ...,

       [[0.5, 0.5, 0.5, ..., 0.5, 0.5, 0.5],
        [0.5, 0.5, 0.5, ..., 0.5, 0.5, 0.5],
        [0.5, 0.5, 0.5, ..., 0.5, 0.5, 0.5],
        ...,
        [0.5, 0.5, 0.5, ..., 0.5, 0.5, 0.5],
        [0.5, 0.5, 0.5, ..., 0.5, 0.5, 0.5],
        [0.5, 0.5, 0.5, ..., 0.5, 0.5, 0.5]],

       [[0.5, 0.5, 0.5, ..., 0.5, 0.5, 0.5],
        [0.5, 0.5, 0.5, ..., 0.5, 0.5, 0.5],
        [0.5, 0.5, 0.5, ..., 0.5, 0.5, 0.5],
        ...,
        [0.5, 0.5, 0.5, ..., 0.5, 0.5, 0.5],
        [0.5, 0.5, 0.5, ..., 0.5, 0.5, 0.5],
        [0.5, 0.5, 0.5, ..., 0.5, 0.5, 0.5]],

       [[0.5, 0.5, 0.5, ..., 0.5, 0.5, 0.5],
        [0.5, 0.5, 0.5, ..., 0.5, 0.5, 0.5],
        [0.5, 0.5, 0.5, ..., 0.5, 0.5, 0.5],
        ...,
        [0.5, 0.5, 0.5, ..., 0.5, 0.5, 0.5],
        [0.5, 0.5, 0.5, ..., 0.5, 0.5, 0.5],
        [0.5, 0.5, 0.5, ..., 0.5, 0.5, 0.5]]], dtype=float32), array([1, 3, 5, 7, 9]), 'frangi'), kwargs={}
2025-06-23 19:39:09,612 - INFO - [CALL] apply_enhancement called with args=(array([[[0.5, 0.5, 0.5, ..., 0.5, 0.5, 0.5],
        [0.5, 0.5, 0.5, ..., 0.5, 0.5, 0.5],
        [0.5, 0.5, 0.5, ..., 0.5, 0.5, 0.5],
        ...,
        [0.5, 0.5, 0.5, ..., 0.5, 0.5, 0.5],
        [0.5, 0.5, 0.5, ..., 0.5, 0.5, 0.5],
        [0.5, 0.5, 0.5, ..., 0.5, 0.5, 0.5]],

       [[0.5, 0.5, 0.5, ..., 0.5, 0.5, 0.5],
        [0.5, 0.5, 0.5, ..., 0.5, 0.5, 0.5],
        [0.5, 0.5, 0.5, ..., 0.5, 0.5, 0.5],
        ...,
        [0.5, 0.5, 0.5, ..., 0.5, 0.5, 0.5],
        [0.5, 0.5, 0.5, ..., 0.5, 0.5, 0.5],
        [0.5, 0.5, 0.5, ..., 0.5, 0.5, 0.5]],

       [[0.5, 0.5, 0.5, ..., 0.5, 0.5, 0.5],
        [0.5, 0.5, 0.5, ..., 0.5, 0.5, 0.5],
        [0.5, 0.5, 0.5, ..., 0.5, 0.5, 0.5],
        ...,
        [0.5, 0.5, 0.5, ..., 0.5, 0.5, 0.5],
        [0.5, 0.5, 0.5, ..., 0.5, 0.5, 0.5],
        [0.5, 0.5, 0.5, ..., 0.5, 0.5, 0.5]],

       ...,

       [[0.5, 0.5, 0.5, ..., 0.5, 0.5, 0.5],
        [0.5, 0.5, 0.5, ..., 0.5, 0.5, 0.5],
        [0.5, 0.5, 0.5, ..., 0.5, 0.5, 0.5],
        ...,
        [0.5, 0.5, 0.5, ..., 0.5, 0.5, 0.5],
        [0.5, 0.5, 0.5, ..., 0.5, 0.5, 0.5],
        [0.5, 0.5, 0.5, ..., 0.5, 0.5, 0.5]],

       [[0.5, 0.5, 0.5, ..., 0.5, 0.5, 0.5],
        [0.5, 0.5, 0.5, ..., 0.5, 0.5, 0.5],
        [0.5, 0.5, 0.5, ..., 0.5, 0.5, 0.5],
        ...,
        [0.5, 0.5, 0.5, ..., 0.5, 0.5, 0.5],
        [0.5, 0.5, 0.5, ..., 0.5, 0.5, 0.5],
        [0.5, 0.5, 0.5, ..., 0.5, 0.5, 0.5]],

       [[0.5, 0.5, 0.5, ..., 0.5, 0.5, 0.5],
        [0.5, 0.5, 0.5, ..., 0.5, 0.5, 0.5],
        [0.5, 0.5, 0.5, ..., 0.5, 0.5, 0.5],
        ...,
        [0.5, 0.5, 0.5, ..., 0.5, 0.5, 0.5],
        [0.5, 0.5, 0.5, ..., 0.5, 0.5, 0.5],
        [0.5, 0.5, 0.5, ..., 0.5, 0.5, 0.5]]], dtype=float32), array([1, 3, 5, 7, 9]), 'frangi'), kwargs={}
2025-06-23 19:39:09,990 - INFO - [CALL] apply_enhancement called with args=(array([[[0.5, 0.5, 0.5, ..., 0.5, 0.5, 0.5],
        [0.5, 0.5, 0.5, ..., 0.5, 0.5, 0.5],
        [0.5, 0.5, 0.5, ..., 0.5, 0.5, 0.5],
        ...,
        [0.5, 0.5, 0.5, ..., 0.5, 0.5, 0.5],
        [0.5, 0.5, 0.5, ..., 0.5, 0.5, 0.5],
        [0.5, 0.5, 0.5, ..., 0.5, 0.5, 0.5]],

       [[0.5, 0.5, 0.5, ..., 0.5, 0.5, 0.5],
        [0.5, 0.5, 0.5, ..., 0.5, 0.5, 0.5],
        [0.5, 0.5, 0.5, ..., 0.5, 0.5, 0.5],
        ...,
        [0.5, 0.5, 0.5, ..., 0.5, 0.5, 0.5],
        [0.5, 0.5, 0.5, ..., 0.5, 0.5, 0.5],
        [0.5, 0.5, 0.5, ..., 0.5, 0.5, 0.5]],

       [[0.5, 0.5, 0.5, ..., 0.5, 0.5, 0.5],
        [0.5, 0.5, 0.5, ..., 0.5, 0.5, 0.5],
        [0.5, 0.5, 0.5, ..., 0.5, 0.5, 0.5],
        ...,
        [0.5, 0.5, 0.5, ..., 0.5, 0.5, 0.5],
        [0.5, 0.5, 0.5, ..., 0.5, 0.5, 0.5],
        [0.5, 0.5, 0.5, ..., 0.5, 0.5, 0.5]],

       ...,

       [[0.5, 0.5, 0.5, ..., 0.5, 0.5, 0.5],
        [0.5, 0.5, 0.5, ..., 0.5, 0.5, 0.5],
        [0.5, 0.5, 0.5, ..., 0.5, 0.5, 0.5],
        ...,
        [0.5, 0.5, 0.5, ..., 0.5, 0.5, 0.5],
        [0.5, 0.5, 0.5, ..., 0.5, 0.5, 0.5],
        [0.5, 0.5, 0.5, ..., 0.5, 0.5, 0.5]],

       [[0.5, 0.5, 0.5, ..., 0.5, 0.5, 0.5],
        [0.5, 0.5, 0.5, ..., 0.5, 0.5, 0.5],
        [0.5, 0.5, 0.5, ..., 0.5, 0.5, 0.5],
        ...,
        [0.5, 0.5, 0.5, ..., 0.5, 0.5, 0.5],
        [0.5, 0.5, 0.5, ..., 0.5, 0.5, 0.5],
        [0.5, 0.5, 0.5, ..., 0.5, 0.5, 0.5]],

       [[0.5, 0.5, 0.5, ..., 0.5, 0.5, 0.5],
        [0.5, 0.5, 0.5, ..., 0.5, 0.5, 0.5],
        [0.5, 0.5, 0.5, ..., 0.5, 0.5, 0.5],
        ...,
        [0.5, 0.5, 0.5, ..., 0.5, 0.5, 0.5],
        [0.5, 0.5, 0.5, ..., 0.5, 0.5, 0.5],
        [0.5, 0.5, 0.5, ..., 0.5, 0.5, 0.5]]], dtype=float32), array([1, 3, 5, 7, 9]), 'frangi'), kwargs={}
2025-06-23 19:39:09,998 - INFO - [CALL] apply_enhancement called with args=(array([[[0.5, 0.5, 0.5, ..., 0.5, 0.5, 0.5],
        [0.5, 0.5, 0.5, ..., 0.5, 0.5, 0.5],
        [0.5, 0.5, 0.5, ..., 0.5, 0.5, 0.5],
        ...,
        [0.5, 0.5, 0.5, ..., 0.5, 0.5, 0.5],
        [0.5, 0.5, 0.5, ..., 0.5, 0.5, 0.5],
        [0.5, 0.5, 0.5, ..., 0.5, 0.5, 0.5]],

       [[0.5, 0.5, 0.5, ..., 0.5, 0.5, 0.5],
        [0.5, 0.5, 0.5, ..., 0.5, 0.5, 0.5],
        [0.5, 0.5, 0.5, ..., 0.5, 0.5, 0.5],
        ...,
        [0.5, 0.5, 0.5, ..., 0.5, 0.5, 0.5],
        [0.5, 0.5, 0.5, ..., 0.5, 0.5, 0.5],
        [0.5, 0.5, 0.5, ..., 0.5, 0.5, 0.5]],

       [[0.5, 0.5, 0.5, ..., 0.5, 0.5, 0.5],
        [0.5, 0.5, 0.5, ..., 0.5, 0.5, 0.5],
        [0.5, 0.5, 0.5, ..., 0.5, 0.5, 0.5],
        ...,
        [0.5, 0.5, 0.5, ..., 0.5, 0.5, 0.5],
        [0.5, 0.5, 0.5, ..., 0.5, 0.5, 0.5],
        [0.5, 0.5, 0.5, ..., 0.5, 0.5, 0.5]],

       ...,

       [[0.5, 0.5, 0.5, ..., 0.5, 0.5, 0.5],
        [0.5, 0.5, 0.5, ..., 0.5, 0.5, 0.5],
        [0.5, 0.5, 0.5, ..., 0.5, 0.5, 0.5],
        ...,
        [0.5, 0.5, 0.5, ..., 0.5, 0.5, 0.5],
        [0.5, 0.5, 0.5, ..., 0.5, 0.5, 0.5],
        [0.5, 0.5, 0.5, ..., 0.5, 0.5, 0.5]],

       [[0.5, 0.5, 0.5, ..., 0.5, 0.5, 0.5],
        [0.5, 0.5, 0.5, ..., 0.5, 0.5, 0.5],
        [0.5, 0.5, 0.5, ..., 0.5, 0.5, 0.5],
        ...,
        [0.5, 0.5, 0.5, ..., 0.5, 0.5, 0.5],
        [0.5, 0.5, 0.5, ..., 0.5, 0.5, 0.5],
        [0.5, 0.5, 0.5, ..., 0.5, 0.5, 0.5]],

       [[0.5, 0.5, 0.5, ..., 0.5, 0.5, 0.5],
        [0.5, 0.5, 0.5, ..., 0.5, 0.5, 0.5],
        [0.5, 0.5, 0.5, ..., 0.5, 0.5, 0.5],
        ...,
        [0.5, 0.5, 0.5, ..., 0.5, 0.5, 0.5],
        [0.5, 0.5, 0.5, ..., 0.5, 0.5, 0.5],
        [0.5, 0.5, 0.5, ..., 0.5, 0.5, 0.5]]], dtype=float32), array([1, 3, 5, 7, 9]), 'frangi'), kwargs={}
2025-06-23 19:39:10,057 - INFO - [CALL] apply_enhancement called with args=(array([[[0.5, 0.5, 0.5, ..., 0.5, 0.5, 0.5],
        [0.5, 0.5, 0.5, ..., 0.5, 0.5, 0.5],
        [0.5, 0.5, 0.5, ..., 0.5, 0.5, 0.5],
        ...,
        [0.5, 0.5, 0.5, ..., 0.5, 0.5, 0.5],
        [0.5, 0.5, 0.5, ..., 0.5, 0.5, 0.5],
        [0.5, 0.5, 0.5, ..., 0.5, 0.5, 0.5]],

       [[0.5, 0.5, 0.5, ..., 0.5, 0.5, 0.5],
        [0.5, 0.5, 0.5, ..., 0.5, 0.5, 0.5],
        [0.5, 0.5, 0.5, ..., 0.5, 0.5, 0.5],
        ...,
        [0.5, 0.5, 0.5, ..., 0.5, 0.5, 0.5],
        [0.5, 0.5, 0.5, ..., 0.5, 0.5, 0.5],
        [0.5, 0.5, 0.5, ..., 0.5, 0.5, 0.5]],

       [[0.5, 0.5, 0.5, ..., 0.5, 0.5, 0.5],
        [0.5, 0.5, 0.5, ..., 0.5, 0.5, 0.5],
        [0.5, 0.5, 0.5, ..., 0.5, 0.5, 0.5],
        ...,
        [0.5, 0.5, 0.5, ..., 0.5, 0.5, 0.5],
        [0.5, 0.5, 0.5, ..., 0.5, 0.5, 0.5],
        [0.5, 0.5, 0.5, ..., 0.5, 0.5, 0.5]],

       ...,

       [[0.5, 0.5, 0.5, ..., 0.5, 0.5, 0.5],
        [0.5, 0.5, 0.5, ..., 0.5, 0.5, 0.5],
        [0.5, 0.5, 0.5, ..., 0.5, 0.5, 0.5],
        ...,
        [0.5, 0.5, 0.5, ..., 0.5, 0.5, 0.5],
        [0.5, 0.5, 0.5, ..., 0.5, 0.5, 0.5],
        [0.5, 0.5, 0.5, ..., 0.5, 0.5, 0.5]],

       [[0.5, 0.5, 0.5, ..., 0.5, 0.5, 0.5],
        [0.5, 0.5, 0.5, ..., 0.5, 0.5, 0.5],
        [0.5, 0.5, 0.5, ..., 0.5, 0.5, 0.5],
        ...,
        [0.5, 0.5, 0.5, ..., 0.5, 0.5, 0.5],
        [0.5, 0.5, 0.5, ..., 0.5, 0.5, 0.5],
        [0.5, 0.5, 0.5, ..., 0.5, 0.5, 0.5]],

       [[0.5, 0.5, 0.5, ..., 0.5, 0.5, 0.5],
        [0.5, 0.5, 0.5, ..., 0.5, 0.5, 0.5],
        [0.5, 0.5, 0.5, ..., 0.5, 0.5, 0.5],
        ...,
        [0.5, 0.5, 0.5, ..., 0.5, 0.5, 0.5],
        [0.5, 0.5, 0.5, ..., 0.5, 0.5, 0.5],
        [0.5, 0.5, 0.5, ..., 0.5, 0.5, 0.5]]], dtype=float32), array([1, 3, 5, 7, 9]), 'frangi'), kwargs={}
